Determining if the pthread_create exist failed with the following output:
Change Dir: /home/ubuntu/catkin_ws_sj/build/CMakeFiles/CMakeTmp

Run Build Command:"/usr/bin/make" "cmTC_30798/fast"
/usr/bin/make -f CMakeFiles/cmTC_30798.dir/build.make CMakeFiles/cmTC_30798.dir/build
make[1]: Entering directory '/home/ubuntu/catkin_ws_sj/build/CMakeFiles/CMakeTmp'
Building C object CMakeFiles/cmTC_30798.dir/CheckSymbolExists.c.o
/usr/bin/cc     -o CMakeFiles/cmTC_30798.dir/CheckSymbolExists.c.o   -c /home/ubuntu/catkin_ws_sj/build/CMakeFiles/CMakeTmp/CheckSymbolExists.c
Linking C executable cmTC_30798
/usr/bin/cmake -E cmake_link_script CMakeFiles/cmTC_30798.dir/link.txt --verbose=1
/usr/bin/cc       CMakeFiles/cmTC_30798.dir/CheckSymbolExists.c.o  -o cmTC_30798 -rdynamic 
CMakeFiles/cmTC_30798.dir/CheckSymbolExists.c.o: In function `main':
CheckSymbolExists.c:(.text+0xe): undefined reference to `pthread_create'
CheckSymbolExists.c:(.text+0x12): undefined reference to `pthread_create'
collect2: error: ld returned 1 exit status
CMakeFiles/cmTC_30798.dir/build.make:97: recipe for target 'cmTC_30798' failed
make[1]: *** [cmTC_30798] Error 1
make[1]: Leaving directory '/home/ubuntu/catkin_ws_sj/build/CMakeFiles/CMakeTmp'
Makefile:126: recipe for target 'cmTC_30798/fast' failed
make: *** [cmTC_30798/fast] Error 2

File /home/ubuntu/catkin_ws_sj/build/CMakeFiles/CMakeTmp/CheckSymbolExists.c:
/* */
#include <pthread.h>

int main(int argc, char** argv)
{
  (void)argv;
#ifndef pthread_create
  return ((int*)(&pthread_create))[argc];
#else
  (void)argc;
  return 0;
#endif
}

Determining if the function pthread_create exists in the pthreads failed with the following output:
Change Dir: /home/ubuntu/catkin_ws_sj/build/CMakeFiles/CMakeTmp

Run Build Command:"/usr/bin/make" "cmTC_d1a4e/fast"
/usr/bin/make -f CMakeFiles/cmTC_d1a4e.dir/build.make CMakeFiles/cmTC_d1a4e.dir/build
make[1]: Entering directory '/home/ubuntu/catkin_ws_sj/build/CMakeFiles/CMakeTmp'
Building C object CMakeFiles/cmTC_d1a4e.dir/CheckFunctionExists.c.o
/usr/bin/cc    -DCHECK_FUNCTION_EXISTS=pthread_create   -o CMakeFiles/cmTC_d1a4e.dir/CheckFunctionExists.c.o   -c /usr/share/cmake-3.5/Modules/CheckFunctionExists.c
Linking C executable cmTC_d1a4e
/usr/bin/cmake -E cmake_link_script CMakeFiles/cmTC_d1a4e.dir/link.txt --verbose=1
/usr/bin/cc   -DCHECK_FUNCTION_EXISTS=pthread_create    CMakeFiles/cmTC_d1a4e.dir/CheckFunctionExists.c.o  -o cmTC_d1a4e -rdynamic -lpthreads 
/usr/bin/ld: cannot find -lpthreads
collect2: error: ld returned 1 exit status
CMakeFiles/cmTC_d1a4e.dir/build.make:97: recipe for target 'cmTC_d1a4e' failed
make[1]: *** [cmTC_d1a4e] Error 1
make[1]: Leaving directory '/home/ubuntu/catkin_ws_sj/build/CMakeFiles/CMakeTmp'
Makefile:126: recipe for target 'cmTC_d1a4e/fast' failed
make: *** [cmTC_d1a4e/fast] Error 2


Determining if the Q_WS_WIN exist failed with the following output:
Change Dir: /home/ubuntu/catkin_ws_sj/build/CMakeFiles/CMakeTmp

Run Build Command:"/usr/bin/make" "cmTC_52513/fast"
make[1]: Entering directory '/home/ubuntu/catkin_ws_sj/build/CMakeFiles/CMakeTmp'
/usr/bin/make -f CMakeFiles/cmTC_52513.dir/build.make CMakeFiles/cmTC_52513.dir/build
make[2]: Entering directory '/home/ubuntu/catkin_ws_sj/build/CMakeFiles/CMakeTmp'
Building CXX object CMakeFiles/cmTC_52513.dir/CheckSymbolExists.cxx.o
/usr/bin/c++    -I/usr/include/qt4   -o CMakeFiles/cmTC_52513.dir/CheckSymbolExists.cxx.o -c /home/ubuntu/catkin_ws_sj/build/CMakeFiles/CMakeTmp/CheckSymbolExists.cxx
/home/ubuntu/catkin_ws_sj/build/CMakeFiles/CMakeTmp/CheckSymbolExists.cxx: In function ‘int main(int, char**)’:
/home/ubuntu/catkin_ws_sj/build/CMakeFiles/CMakeTmp/CheckSymbolExists.cxx:8:19: error: ‘Q_WS_WIN’ was not declared in this scope
   return ((int*)(&Q_WS_WIN))[argc];
                   ^
CMakeFiles/cmTC_52513.dir/build.make:65: recipe for target 'CMakeFiles/cmTC_52513.dir/CheckSymbolExists.cxx.o' failed
make[2]: *** [CMakeFiles/cmTC_52513.dir/CheckSymbolExists.cxx.o] Error 1
make[2]: Leaving directory '/home/ubuntu/catkin_ws_sj/build/CMakeFiles/CMakeTmp'
Makefile:126: recipe for target 'cmTC_52513/fast' failed
make[1]: *** [cmTC_52513/fast] Error 2
make[1]: Leaving directory '/home/ubuntu/catkin_ws_sj/build/CMakeFiles/CMakeTmp'

File /home/ubuntu/catkin_ws_sj/build/CMakeFiles/CMakeTmp/CheckSymbolExists.cxx:
/* */
#include <QtCore/qglobal.h>

int main(int argc, char** argv)
{
  (void)argv;
#ifndef Q_WS_WIN
  return ((int*)(&Q_WS_WIN))[argc];
#else
  (void)argc;
  return 0;
#endif
}

Determining if the Q_WS_QWS exist failed with the following output:
Change Dir: /home/ubuntu/catkin_ws_sj/build/CMakeFiles/CMakeTmp

Run Build Command:"/usr/bin/make" "cmTC_d8c0a/fast"
make[1]: Entering directory '/home/ubuntu/catkin_ws_sj/build/CMakeFiles/CMakeTmp'
/usr/bin/make -f CMakeFiles/cmTC_d8c0a.dir/build.make CMakeFiles/cmTC_d8c0a.dir/build
make[2]: Entering directory '/home/ubuntu/catkin_ws_sj/build/CMakeFiles/CMakeTmp'
Building CXX object CMakeFiles/cmTC_d8c0a.dir/CheckSymbolExists.cxx.o
/usr/bin/c++    -I/usr/include/qt4   -o CMakeFiles/cmTC_d8c0a.dir/CheckSymbolExists.cxx.o -c /home/ubuntu/catkin_ws_sj/build/CMakeFiles/CMakeTmp/CheckSymbolExists.cxx
/home/ubuntu/catkin_ws_sj/build/CMakeFiles/CMakeTmp/CheckSymbolExists.cxx: In function ‘int main(int, char**)’:
/home/ubuntu/catkin_ws_sj/build/CMakeFiles/CMakeTmp/CheckSymbolExists.cxx:8:19: error: ‘Q_WS_QWS’ was not declared in this scope
   return ((int*)(&Q_WS_QWS))[argc];
                   ^
CMakeFiles/cmTC_d8c0a.dir/build.make:65: recipe for target 'CMakeFiles/cmTC_d8c0a.dir/CheckSymbolExists.cxx.o' failed
make[2]: *** [CMakeFiles/cmTC_d8c0a.dir/CheckSymbolExists.cxx.o] Error 1
make[2]: Leaving directory '/home/ubuntu/catkin_ws_sj/build/CMakeFiles/CMakeTmp'
Makefile:126: recipe for target 'cmTC_d8c0a/fast' failed
make[1]: *** [cmTC_d8c0a/fast] Error 2
make[1]: Leaving directory '/home/ubuntu/catkin_ws_sj/build/CMakeFiles/CMakeTmp'

File /home/ubuntu/catkin_ws_sj/build/CMakeFiles/CMakeTmp/CheckSymbolExists.cxx:
/* */
#include <QtCore/qglobal.h>

int main(int argc, char** argv)
{
  (void)argv;
#ifndef Q_WS_QWS
  return ((int*)(&Q_WS_QWS))[argc];
#else
  (void)argc;
  return 0;
#endif
}

Determining if the Q_WS_MAC exist failed with the following output:
Change Dir: /home/ubuntu/catkin_ws_sj/build/CMakeFiles/CMakeTmp

Run Build Command:"/usr/bin/make" "cmTC_a4350/fast"
make[1]: Entering directory '/home/ubuntu/catkin_ws_sj/build/CMakeFiles/CMakeTmp'
/usr/bin/make -f CMakeFiles/cmTC_a4350.dir/build.make CMakeFiles/cmTC_a4350.dir/build
make[2]: Entering directory '/home/ubuntu/catkin_ws_sj/build/CMakeFiles/CMakeTmp'
Building CXX object CMakeFiles/cmTC_a4350.dir/CheckSymbolExists.cxx.o
/usr/bin/c++    -I/usr/include/qt4   -o CMakeFiles/cmTC_a4350.dir/CheckSymbolExists.cxx.o -c /home/ubuntu/catkin_ws_sj/build/CMakeFiles/CMakeTmp/CheckSymbolExists.cxx
/home/ubuntu/catkin_ws_sj/build/CMakeFiles/CMakeTmp/CheckSymbolExists.cxx: In function ‘int main(int, char**)’:
/home/ubuntu/catkin_ws_sj/build/CMakeFiles/CMakeTmp/CheckSymbolExists.cxx:8:19: error: ‘Q_WS_MAC’ was not declared in this scope
   return ((int*)(&Q_WS_MAC))[argc];
                   ^
CMakeFiles/cmTC_a4350.dir/build.make:65: recipe for target 'CMakeFiles/cmTC_a4350.dir/CheckSymbolExists.cxx.o' failed
make[2]: *** [CMakeFiles/cmTC_a4350.dir/CheckSymbolExists.cxx.o] Error 1
make[2]: Leaving directory '/home/ubuntu/catkin_ws_sj/build/CMakeFiles/CMakeTmp'
Makefile:126: recipe for target 'cmTC_a4350/fast' failed
make[1]: *** [cmTC_a4350/fast] Error 2
make[1]: Leaving directory '/home/ubuntu/catkin_ws_sj/build/CMakeFiles/CMakeTmp'

File /home/ubuntu/catkin_ws_sj/build/CMakeFiles/CMakeTmp/CheckSymbolExists.cxx:
/* */
#include <QtCore/qglobal.h>

int main(int argc, char** argv)
{
  (void)argv;
#ifndef Q_WS_MAC
  return ((int*)(&Q_WS_MAC))[argc];
#else
  (void)argc;
  return 0;
#endif
}

